Time resolution is 1 ps
Note: Exponentul are valoarea: -127
Time: 0 ps  Iteration: 0  Process: /tb_conv/conversion_process  File: C:/Users/Administrator/Desktop/SSC/ProjectSquareRoot_Bacisor_Miruna/ProjectSquareRoot_Bacisor_Miruna.srcs/sources_1/new/tb_sqrt.vhd
Note: 5.877472e-39
Time: 0 ps  Iteration: 0  Process: /tb_conv/conversion_process  File: C:/Users/Administrator/Desktop/SSC/ProjectSquareRoot_Bacisor_Miruna/ProjectSquareRoot_Bacisor_Miruna.srcs/sources_1/new/tb_sqrt.vhd
Note: Partea intreaga este 0
Time: 0 ps  Iteration: 0  Process: /tb_conv/conversion_process  File: C:/Users/Administrator/Desktop/SSC/ProjectSquareRoot_Bacisor_Miruna/ProjectSquareRoot_Bacisor_Miruna.srcs/sources_1/new/tb_sqrt.vhd
Note: Partea fractionara este 0
Time: 0 ps  Iteration: 0  Process: /tb_conv/conversion_process  File: C:/Users/Administrator/Desktop/SSC/ProjectSquareRoot_Bacisor_Miruna/ProjectSquareRoot_Bacisor_Miruna.srcs/sources_1/new/tb_sqrt.vhd
Note: Exponentul numarului introdus are valoarea: -127
Time: 0 ps  Iteration: 0  Process: /tb_conv/conversion_processX  File: C:/Users/Administrator/Desktop/SSC/ProjectSquareRoot_Bacisor_Miruna/ProjectSquareRoot_Bacisor_Miruna.srcs/sources_1/new/tb_sqrt.vhd
Note: --------------------------
Time: 0 ps  Iteration: 0  Process: /tb_conv/conversion_processX  File: C:/Users/Administrator/Desktop/SSC/ProjectSquareRoot_Bacisor_Miruna/ProjectSquareRoot_Bacisor_Miruna.srcs/sources_1/new/tb_sqrt.vhd
Note: 5.877472e-39
Time: 0 ps  Iteration: 0  Process: /tb_conv/conversion_processX  File: C:/Users/Administrator/Desktop/SSC/ProjectSquareRoot_Bacisor_Miruna/ProjectSquareRoot_Bacisor_Miruna.srcs/sources_1/new/tb_sqrt.vhd
Note: Partea intreaga a numarului introdus este 0
Time: 0 ps  Iteration: 0  Process: /tb_conv/conversion_processX  File: C:/Users/Administrator/Desktop/SSC/ProjectSquareRoot_Bacisor_Miruna/ProjectSquareRoot_Bacisor_Miruna.srcs/sources_1/new/tb_sqrt.vhd
Note: Partea fractionara a numarului introdus este 0
Time: 0 ps  Iteration: 0  Process: /tb_conv/conversion_processX  File: C:/Users/Administrator/Desktop/SSC/ProjectSquareRoot_Bacisor_Miruna/ProjectSquareRoot_Bacisor_Miruna.srcs/sources_1/new/tb_sqrt.vhd
Note: --------------------------
Time: 0 ps  Iteration: 0  Process: /tb_conv/conversion_processX  File: C:/Users/Administrator/Desktop/SSC/ProjectSquareRoot_Bacisor_Miruna/ProjectSquareRoot_Bacisor_Miruna.srcs/sources_1/new/tb_sqrt.vhd
Note: Exponentul are valoarea: -127
Time: 0 ps  Iteration: 1  Process: /tb_conv/conversion_process  File: C:/Users/Administrator/Desktop/SSC/ProjectSquareRoot_Bacisor_Miruna/ProjectSquareRoot_Bacisor_Miruna.srcs/sources_1/new/tb_sqrt.vhd
Note: 5.877472e-39
Time: 0 ps  Iteration: 1  Process: /tb_conv/conversion_process  File: C:/Users/Administrator/Desktop/SSC/ProjectSquareRoot_Bacisor_Miruna/ProjectSquareRoot_Bacisor_Miruna.srcs/sources_1/new/tb_sqrt.vhd
Note: Partea intreaga este 0
Time: 0 ps  Iteration: 1  Process: /tb_conv/conversion_process  File: C:/Users/Administrator/Desktop/SSC/ProjectSquareRoot_Bacisor_Miruna/ProjectSquareRoot_Bacisor_Miruna.srcs/sources_1/new/tb_sqrt.vhd
Note: Partea fractionara este 0
Time: 0 ps  Iteration: 1  Process: /tb_conv/conversion_process  File: C:/Users/Administrator/Desktop/SSC/ProjectSquareRoot_Bacisor_Miruna/ProjectSquareRoot_Bacisor_Miruna.srcs/sources_1/new/tb_sqrt.vhd
Note: Exponentul numarului introdus are valoarea: 5
Time: 40 ns  Iteration: 1  Process: /tb_conv/conversion_processX  File: C:/Users/Administrator/Desktop/SSC/ProjectSquareRoot_Bacisor_Miruna/ProjectSquareRoot_Bacisor_Miruna.srcs/sources_1/new/tb_sqrt.vhd
Note: --------------------------
Time: 40 ns  Iteration: 1  Process: /tb_conv/conversion_processX  File: C:/Users/Administrator/Desktop/SSC/ProjectSquareRoot_Bacisor_Miruna/ProjectSquareRoot_Bacisor_Miruna.srcs/sources_1/new/tb_sqrt.vhd
Note: 3.900000e+01
Time: 40 ns  Iteration: 1  Process: /tb_conv/conversion_processX  File: C:/Users/Administrator/Desktop/SSC/ProjectSquareRoot_Bacisor_Miruna/ProjectSquareRoot_Bacisor_Miruna.srcs/sources_1/new/tb_sqrt.vhd
Note: Partea intreaga a numarului introdus este 39
Time: 40 ns  Iteration: 1  Process: /tb_conv/conversion_processX  File: C:/Users/Administrator/Desktop/SSC/ProjectSquareRoot_Bacisor_Miruna/ProjectSquareRoot_Bacisor_Miruna.srcs/sources_1/new/tb_sqrt.vhd
Note: Partea fractionara a numarului introdus este 0
Time: 40 ns  Iteration: 1  Process: /tb_conv/conversion_processX  File: C:/Users/Administrator/Desktop/SSC/ProjectSquareRoot_Bacisor_Miruna/ProjectSquareRoot_Bacisor_Miruna.srcs/sources_1/new/tb_sqrt.vhd
Note: --------------------------
Time: 40 ns  Iteration: 1  Process: /tb_conv/conversion_processX  File: C:/Users/Administrator/Desktop/SSC/ProjectSquareRoot_Bacisor_Miruna/ProjectSquareRoot_Bacisor_Miruna.srcs/sources_1/new/tb_sqrt.vhd
Note: Exponentul are valoarea: 2
Time: 40 ns  Iteration: 2  Process: /tb_conv/conversion_process  File: C:/Users/Administrator/Desktop/SSC/ProjectSquareRoot_Bacisor_Miruna/ProjectSquareRoot_Bacisor_Miruna.srcs/sources_1/new/tb_sqrt.vhd
Note: 6.244998e+00
Time: 40 ns  Iteration: 2  Process: /tb_conv/conversion_process  File: C:/Users/Administrator/Desktop/SSC/ProjectSquareRoot_Bacisor_Miruna/ProjectSquareRoot_Bacisor_Miruna.srcs/sources_1/new/tb_sqrt.vhd
Note: Partea intreaga este 6
Time: 40 ns  Iteration: 2  Process: /tb_conv/conversion_process  File: C:/Users/Administrator/Desktop/SSC/ProjectSquareRoot_Bacisor_Miruna/ProjectSquareRoot_Bacisor_Miruna.srcs/sources_1/new/tb_sqrt.vhd
Note: Partea fractionara este 24
Time: 40 ns  Iteration: 2  Process: /tb_conv/conversion_process  File: C:/Users/Administrator/Desktop/SSC/ProjectSquareRoot_Bacisor_Miruna/ProjectSquareRoot_Bacisor_Miruna.srcs/sources_1/new/tb_sqrt.vhd
